[2025-02-11T20:20:33.134+0000] {local_task_job_runner.py:123} INFO - ::group::Pre task execution logs
[2025-02-11T20:20:33.144+0000] {taskinstance.py:2614} INFO - Dependencies all met for dep_context=non-requeueable deps ti=<TaskInstance: etl_reddit_pipeline.s3_upload manual__2025-02-11T20:20:29.003399+00:00 [queued]>
[2025-02-11T20:20:33.150+0000] {taskinstance.py:2614} INFO - Dependencies all met for dep_context=requeueable deps ti=<TaskInstance: etl_reddit_pipeline.s3_upload manual__2025-02-11T20:20:29.003399+00:00 [queued]>
[2025-02-11T20:20:33.150+0000] {taskinstance.py:2867} INFO - Starting attempt 1 of 1
[2025-02-11T20:20:33.156+0000] {taskinstance.py:2890} INFO - Executing <Task(PythonOperator): s3_upload> on 2025-02-11 20:20:29.003399+00:00
[2025-02-11T20:20:33.160+0000] {standard_task_runner.py:72} INFO - Started process 103 to run task
[2025-02-11T20:20:33.162+0000] {standard_task_runner.py:104} INFO - Running: ['airflow', 'tasks', 'run', 'etl_reddit_pipeline', 's3_upload', 'manual__2025-02-11T20:20:29.003399+00:00', '--job-id', '13', '--raw', '--subdir', 'DAGS_FOLDER/reddit_dag.py', '--cfg-path', '/tmp/tmp93cqi5uv']
[2025-02-11T20:20:33.164+0000] {standard_task_runner.py:105} INFO - Job 13: Subtask s3_upload
[2025-02-11T20:20:33.187+0000] {task_command.py:467} INFO - Running <TaskInstance: etl_reddit_pipeline.s3_upload manual__2025-02-11T20:20:29.003399+00:00 [running]> on host a8df435ddc7e
[2025-02-11T20:20:33.223+0000] {taskinstance.py:3134} INFO - Exporting env vars: AIRFLOW_CTX_DAG_OWNER='Iris' AIRFLOW_CTX_DAG_ID='etl_reddit_pipeline' AIRFLOW_CTX_TASK_ID='s3_upload' AIRFLOW_CTX_EXECUTION_DATE='2025-02-11T20:20:29.003399+00:00' AIRFLOW_CTX_TRY_NUMBER='1' AIRFLOW_CTX_DAG_RUN_ID='manual__2025-02-11T20:20:29.003399+00:00'
[2025-02-11T20:20:33.223+0000] {taskinstance.py:732} INFO - ::endgroup::
[2025-02-11T20:20:33.236+0000] {logging_mixin.py:190} INFO - ✅ Extracted file path: /opt/airflow/data/output/reddit_data_20250211202030.csv
[2025-02-11T20:20:33.754+0000] {logging_mixin.py:190} INFO - Bucket redditdeproject already exists
[2025-02-11T20:20:34.372+0000] {logging_mixin.py:190} INFO - /opt/airflow/data/output/reddit_data_20250211202030.csv uploaded to S3 bucket: redditdeproject
[2025-02-11T20:20:34.373+0000] {python.py:240} INFO - Done. Returned value was: None
[2025-02-11T20:20:34.386+0000] {taskinstance.py:341} INFO - ::group::Post task execution logs
[2025-02-11T20:20:34.387+0000] {taskinstance.py:353} INFO - Marking task as SUCCESS. dag_id=etl_reddit_pipeline, task_id=s3_upload, run_id=manual__2025-02-11T20:20:29.003399+00:00, execution_date=20250211T202029, start_date=20250211T202033, end_date=20250211T202034
[2025-02-11T20:20:34.425+0000] {local_task_job_runner.py:266} INFO - Task exited with return code 0
[2025-02-11T20:20:34.441+0000] {taskinstance.py:3901} INFO - 0 downstream tasks scheduled from follow-on schedule check
[2025-02-11T20:20:34.443+0000] {local_task_job_runner.py:245} INFO - ::endgroup::
