[2025-02-11T20:17:42.570+0000] {local_task_job_runner.py:123} INFO - ::group::Pre task execution logs
[2025-02-11T20:17:42.580+0000] {taskinstance.py:2614} INFO - Dependencies all met for dep_context=non-requeueable deps ti=<TaskInstance: etl_reddit_pipeline.extract manual__2025-02-11T20:17:41.231810+00:00 [queued]>
[2025-02-11T20:17:42.586+0000] {taskinstance.py:2614} INFO - Dependencies all met for dep_context=requeueable deps ti=<TaskInstance: etl_reddit_pipeline.extract manual__2025-02-11T20:17:41.231810+00:00 [queued]>
[2025-02-11T20:17:42.586+0000] {taskinstance.py:2867} INFO - Starting attempt 1 of 1
[2025-02-11T20:17:42.594+0000] {taskinstance.py:2890} INFO - Executing <Task(PythonOperator): extract> on 2025-02-11 20:17:41.231810+00:00
[2025-02-11T20:17:42.601+0000] {standard_task_runner.py:72} INFO - Started process 89 to run task
[2025-02-11T20:17:42.604+0000] {standard_task_runner.py:104} INFO - Running: ['airflow', 'tasks', 'run', 'etl_reddit_pipeline', 'extract', 'manual__2025-02-11T20:17:41.231810+00:00', '--job-id', '10', '--raw', '--subdir', 'DAGS_FOLDER/reddit_dag.py', '--cfg-path', '/tmp/tmpqmc_1l5q']
[2025-02-11T20:17:42.606+0000] {standard_task_runner.py:105} INFO - Job 10: Subtask extract
[2025-02-11T20:17:42.655+0000] {task_command.py:467} INFO - Running <TaskInstance: etl_reddit_pipeline.extract manual__2025-02-11T20:17:41.231810+00:00 [running]> on host a8df435ddc7e
[2025-02-11T20:17:42.692+0000] {taskinstance.py:3134} INFO - Exporting env vars: AIRFLOW_CTX_DAG_OWNER='Iris' AIRFLOW_CTX_DAG_ID='etl_reddit_pipeline' AIRFLOW_CTX_TASK_ID='extract' AIRFLOW_CTX_EXECUTION_DATE='2025-02-11T20:17:41.231810+00:00' AIRFLOW_CTX_TRY_NUMBER='1' AIRFLOW_CTX_DAG_RUN_ID='manual__2025-02-11T20:17:41.231810+00:00'
[2025-02-11T20:17:42.693+0000] {taskinstance.py:732} INFO - ::endgroup::
[2025-02-11T20:17:42.703+0000] {logging_mixin.py:190} INFO - Connected to Reddit
[2025-02-11T20:17:43.698+0000] {logging_mixin.py:190} INFO - Data saved to /opt/airflow/data/output/reddit_data_20250211201742.csv
[2025-02-11T20:17:43.698+0000] {logging_mixin.py:190} INFO - ✅ File successfully saved: /opt/airflow/data/output/reddit_data_20250211201742.csv
[2025-02-11T20:17:43.698+0000] {python.py:240} INFO - Done. Returned value was: /opt/airflow/data/output/reddit_data_20250211201742.csv
[2025-02-11T20:17:43.713+0000] {taskinstance.py:341} INFO - ::group::Post task execution logs
[2025-02-11T20:17:43.714+0000] {taskinstance.py:353} INFO - Marking task as SUCCESS. dag_id=etl_reddit_pipeline, task_id=extract, run_id=manual__2025-02-11T20:17:41.231810+00:00, execution_date=20250211T201741, start_date=20250211T201742, end_date=20250211T201743
[2025-02-11T20:17:43.749+0000] {local_task_job_runner.py:266} INFO - Task exited with return code 0
[2025-02-11T20:17:43.763+0000] {taskinstance.py:3901} INFO - 1 downstream tasks scheduled from follow-on schedule check
[2025-02-11T20:17:43.764+0000] {local_task_job_runner.py:245} INFO - ::endgroup::
