[2025-02-11T20:10:58.003+0000] {local_task_job_runner.py:123} INFO - ::group::Pre task execution logs
[2025-02-11T20:10:58.019+0000] {taskinstance.py:2614} INFO - Dependencies all met for dep_context=non-requeueable deps ti=<TaskInstance: etl_reddit_pipeline.extract manual__2025-02-11T20:10:56.645788+00:00 [queued]>
[2025-02-11T20:10:58.028+0000] {taskinstance.py:2614} INFO - Dependencies all met for dep_context=requeueable deps ti=<TaskInstance: etl_reddit_pipeline.extract manual__2025-02-11T20:10:56.645788+00:00 [queued]>
[2025-02-11T20:10:58.028+0000] {taskinstance.py:2867} INFO - Starting attempt 1 of 1
[2025-02-11T20:10:58.035+0000] {taskinstance.py:2890} INFO - Executing <Task(PythonOperator): extract> on 2025-02-11 20:10:56.645788+00:00
[2025-02-11T20:10:58.039+0000] {standard_task_runner.py:72} INFO - Started process 73 to run task
[2025-02-11T20:10:58.042+0000] {standard_task_runner.py:104} INFO - Running: ['airflow', 'tasks', 'run', 'etl_reddit_pipeline', 'extract', 'manual__2025-02-11T20:10:56.645788+00:00', '--job-id', '6', '--raw', '--subdir', 'DAGS_FOLDER/reddit_dag.py', '--cfg-path', '/tmp/tmplp_1clul']
[2025-02-11T20:10:58.044+0000] {standard_task_runner.py:105} INFO - Job 6: Subtask extract
[2025-02-11T20:10:58.097+0000] {task_command.py:467} INFO - Running <TaskInstance: etl_reddit_pipeline.extract manual__2025-02-11T20:10:56.645788+00:00 [running]> on host a8df435ddc7e
[2025-02-11T20:10:58.137+0000] {taskinstance.py:3134} INFO - Exporting env vars: AIRFLOW_CTX_DAG_OWNER='Iris' AIRFLOW_CTX_DAG_ID='etl_reddit_pipeline' AIRFLOW_CTX_TASK_ID='extract' AIRFLOW_CTX_EXECUTION_DATE='2025-02-11T20:10:56.645788+00:00' AIRFLOW_CTX_TRY_NUMBER='1' AIRFLOW_CTX_DAG_RUN_ID='manual__2025-02-11T20:10:56.645788+00:00'
[2025-02-11T20:10:58.138+0000] {taskinstance.py:732} INFO - ::endgroup::
[2025-02-11T20:10:58.148+0000] {logging_mixin.py:190} INFO - Connected to Reddit
[2025-02-11T20:10:59.663+0000] {logging_mixin.py:190} INFO - Data saved to /opt/airflow/data/output/reddit_data_20250211201057.csv
[2025-02-11T20:10:59.663+0000] {logging_mixin.py:190} INFO - ✅ File successfully saved: /opt/airflow/data/output/reddit_data_20250211201057.csv
[2025-02-11T20:10:59.664+0000] {python.py:240} INFO - Done. Returned value was: /opt/airflow/data/output/reddit_data_20250211201057.csv
[2025-02-11T20:10:59.678+0000] {taskinstance.py:341} INFO - ::group::Post task execution logs
[2025-02-11T20:10:59.678+0000] {taskinstance.py:353} INFO - Marking task as SUCCESS. dag_id=etl_reddit_pipeline, task_id=extract, run_id=manual__2025-02-11T20:10:56.645788+00:00, execution_date=20250211T201056, start_date=20250211T201058, end_date=20250211T201059
[2025-02-11T20:10:59.733+0000] {local_task_job_runner.py:266} INFO - Task exited with return code 0
[2025-02-11T20:10:59.748+0000] {taskinstance.py:3901} INFO - 1 downstream tasks scheduled from follow-on schedule check
[2025-02-11T20:10:59.749+0000] {local_task_job_runner.py:245} INFO - ::endgroup::
